Info: Starting: Create block symbol file (.bsf)
Info: ip-generate --project-directory="C:/Users/truongnh/Google Drive/DMAFinal/" --output-directory="C:/Users/truongnh/Google Drive/DMAFinal/System/" --report-file="bsf:C:/Users/truongnh/Google Drive/DMAFinal/System.bsf" --system-info=DEVICE_FAMILY="Cyclone II" --system-info=DEVICE=EP2C35F672C6 --system-info=DEVICE_SPEEDGRADE=6 --component-file="C:/Users/truongnh/Google Drive/DMAFinal/System.qsys"
Progress: Loading DMAFinal/System.qsys
Progress: Reading input file
Progress: Adding clk_0 [clock_source 13.0]
Progress: Parameterizing module clk_0
Progress: Adding onchip_memory2_0 [altera_avalon_onchip_memory2 13.0.1.99.2]
Progress: Parameterizing module onchip_memory2_0
Progress: Adding nios2_qsys_0 [altera_nios2_qsys 13.0]
Progress: Parameterizing module nios2_qsys_0
Progress: Adding jtag_uart_0 [altera_avalon_jtag_uart 13.0.1.99.2]
Progress: Parameterizing module jtag_uart_0
Progress: Adding onchip_memory2_1 [altera_avalon_onchip_memory2 13.0.1.99.2]
Progress: Parameterizing module onchip_memory2_1
Progress: Adding DMA_0 [DMA 1.0]
Progress: Parameterizing module DMA_0
Progress: Building connections
Progress: Parameterizing connections
Progress: Validating
Progress: Done reading input file
Info: ip-generate succeeded.
Info: Finished: Create block symbol file (.bsf)
Info: 
Info: Starting: Create HDL design files for synthesis
Info: ip-generate --project-directory="C:/Users/truongnh/Google Drive/DMAFinal/" --output-directory="C:/Users/truongnh/Google Drive/DMAFinal/System/synthesis/" --file-set=QUARTUS_SYNTH --report-file="sopcinfo:C:/Users/truongnh/Google Drive/DMAFinal/System.sopcinfo" --report-file="html:C:/Users/truongnh/Google Drive/DMAFinal/System.html" --report-file="qip:C:/Users/truongnh/Google Drive/DMAFinal/System/synthesis/System.qip" --report-file="cmp:C:/Users/truongnh/Google Drive/DMAFinal/System.cmp" --report-file=svd --system-info=DEVICE_FAMILY="Cyclone II" --system-info=DEVICE=EP2C35F672C6 --system-info=DEVICE_SPEEDGRADE=6 --component-file="C:/Users/truongnh/Google Drive/DMAFinal/System.qsys" --language=VERILOG
Progress: Loading DMAFinal/System.qsys
Progress: Reading input file
Progress: Adding clk_0 [clock_source 13.0]
Progress: Parameterizing module clk_0
Progress: Adding onchip_memory2_0 [altera_avalon_onchip_memory2 13.0.1.99.2]
Progress: Parameterizing module onchip_memory2_0
Progress: Adding nios2_qsys_0 [altera_nios2_qsys 13.0]
Progress: Parameterizing module nios2_qsys_0
Progress: Adding jtag_uart_0 [altera_avalon_jtag_uart 13.0.1.99.2]
Progress: Parameterizing module jtag_uart_0
Progress: Adding onchip_memory2_1 [altera_avalon_onchip_memory2 13.0.1.99.2]
Progress: Parameterizing module onchip_memory2_1
Progress: Adding DMA_0 [DMA 1.0]
Progress: Parameterizing module DMA_0
Progress: Building connections
Progress: Parameterizing connections
Progress: Validating
Progress: Done reading input file
Info: System: Generating System "System" for QUARTUS_SYNTH
Info: pipeline_bridge_swap_transform: After transform: 6 modules, 27 connections
Info: No custom instruction connections, skipping transform 
Info: merlin_translator_transform: After transform: 15 modules, 63 connections
Info: merlin_domain_transform: After transform: 30 modules, 163 connections
Info: merlin_router_transform: After transform: 39 modules, 199 connections
Info: reset_adaptation_transform: After transform: 40 modules, 156 connections
Info: merlin_network_to_switch_transform: After transform: 57 modules, 196 connections
Info: merlin_mm_transform: After transform: 57 modules, 196 connections
Info: merlin_interrupt_mapper_transform: After transform: 58 modules, 199 connections
Warning: System: "No matching role found for rst_controller:reset_out:reset_req (reset_req)"
Warning: System: "No matching role found for rst_controller:reset_out:reset_req (reset_req)"
Warning: System: "No matching role found for rst_controller:reset_out:reset_req (reset_req)"
Warning: System: "No matching role found for rst_controller:reset_out:reset_req (reset_req)"
Warning: System: "No matching role found for rst_controller:reset_out:reset_req (reset_req)"
Warning: System: "No matching role found for rst_controller:reset_out:reset_req (reset_req)"
Warning: System: "No matching role found for rst_controller:reset_out:reset_req (reset_req)"
Warning: System: "No matching role found for rst_controller:reset_out:reset_req (reset_req)"
Warning: System: "No matching role found for rst_controller:reset_out:reset_req (reset_req)"
Warning: System: "No matching role found for rst_controller:reset_out:reset_req (reset_req)"
Warning: System: "No matching role found for rst_controller:reset_out:reset_req (reset_req)"
Warning: System: "No matching role found for rst_controller:reset_out:reset_req (reset_req)"
Warning: System: "No matching role found for rst_controller:reset_out:reset_req (reset_req)"
Warning: System: "No matching role found for rst_controller:reset_out:reset_req (reset_req)"
Warning: System: "No matching role found for rst_controller:reset_out:reset_req (reset_req)"
Warning: System: "No matching role found for rst_controller:reset_out:reset_req (reset_req)"
Warning: System: "No matching role found for rst_controller:reset_out:reset_req (reset_req)"
Warning: System: "No matching role found for rst_controller:reset_out:reset_req (reset_req)"
Warning: System: "No matching role found for rst_controller:reset_out:reset_req (reset_req)"
Warning: System: "No matching role found for rst_controller:reset_out:reset_req (reset_req)"
Warning: System: "No matching role found for rst_controller:reset_out:reset_req (reset_req)"
Warning: System: "No matching role found for rst_controller:reset_out:reset_req (reset_req)"
Warning: System: "No matching role found for rst_controller:reset_out:reset_req (reset_req)"
Warning: System: "No matching role found for rst_controller:reset_out:reset_req (reset_req)"
Warning: System: "No matching role found for rst_controller:reset_out:reset_req (reset_req)"
Warning: System: "No matching role found for rst_controller:reset_out:reset_req (reset_req)"
Warning: System: "No matching role found for rst_controller:reset_out:reset_req (reset_req)"
Warning: System: "No matching role found for rst_controller:reset_out:reset_req (reset_req)"
Warning: System: "No matching role found for rst_controller:reset_out:reset_req (reset_req)"
Warning: System: "No matching role found for rst_controller:reset_out:reset_req (reset_req)"
Warning: System: "No matching role found for rst_controller:reset_out:reset_req (reset_req)"
Warning: System: "No matching role found for rst_controller:reset_out:reset_req (reset_req)"
Warning: System: "No matching role found for rst_controller:reset_out:reset_req (reset_req)"
Warning: System: "No matching role found for rst_controller:reset_out:reset_req (reset_req)"
Warning: System: "No matching role found for rst_controller:reset_out:reset_req (reset_req)"
Warning: System: "No matching role found for rst_controller:reset_out:reset_req (reset_req)"
Warning: System: "No matching role found for rst_controller:reset_out:reset_req (reset_req)"
Warning: System: "No matching role found for rst_controller:reset_out:reset_req (reset_req)"
Warning: System: "No matching role found for rst_controller:reset_out:reset_req (reset_req)"
Warning: System: "No matching role found for rst_controller:reset_out:reset_req (reset_req)"
Warning: System: "No matching role found for rst_controller:reset_out:reset_req (reset_req)"
Warning: System: "No matching role found for rst_controller:reset_out:reset_req (reset_req)"
Warning: System: "No matching role found for rst_controller:reset_out:reset_req (reset_req)"
Warning: System: "No matching role found for rst_controller:reset_out:reset_req (reset_req)"
Warning: System: "No matching role found for rst_controller:reset_out:reset_req (reset_req)"
Warning: System: "No matching role found for rst_controller:reset_out:reset_req (reset_req)"
Warning: System: "No matching role found for rst_controller:reset_out:reset_req (reset_req)"
Warning: System: "No matching role found for rst_controller:reset_out:reset_req (reset_req)"
Warning: System: "No matching role found for rst_controller:reset_out:reset_req (reset_req)"
Warning: System: "No matching role found for rst_controller:reset_out:reset_req (reset_req)"
Warning: System: "No matching role found for rst_controller:reset_out:reset_req (reset_req)"
Warning: System: "No matching role found for rst_controller:reset_out:reset_req (reset_req)"
Warning: System: "No matching role found for rst_controller:reset_out:reset_req (reset_req)"
Warning: System: "No matching role found for rst_controller:reset_out:reset_req (reset_req)"
Info: onchip_memory2_0: Starting RTL generation for module 'System_onchip_memory2_0'
Info: onchip_memory2_0:   Generation command is [exec C:/altera/13.0sp1/quartus/bin/perl/bin/perl.exe -I C:/altera/13.0sp1/quartus/common/ip/altera/common/perl/5.8.3 -I C:/altera/13.0sp1/quartus/sopc_builder/bin/europa -I C:/altera/13.0sp1/quartus/sopc_builder/bin/perl_lib -I C:/altera/13.0sp1/quartus/sopc_builder/bin -I C:/altera/13.0sp1/quartus/../ip/altera/sopc_builder_ip/common -I C:/altera/13.0sp1/quartus/../ip/altera/sopc_builder_ip/altera_avalon_onchip_memory2 -- C:/altera/13.0sp1/quartus/../ip/altera/sopc_builder_ip/altera_avalon_onchip_memory2/generate_rtl.pl --name=System_onchip_memory2_0 --dir=C:/Users/truongnh/AppData/Local/Temp/alt7887_7178726241090102465.dir/0001_onchip_memory2_0_gen/ --quartus_dir=C:/altera/13.0sp1/quartus --verilog --config=C:/Users/truongnh/AppData/Local/Temp/alt7887_7178726241090102465.dir/0001_onchip_memory2_0_gen//System_onchip_memory2_0_component_configuration.pl  --do_build_sim=0  ]
Info: onchip_memory2_0: Done RTL generation for module 'System_onchip_memory2_0'
Info: onchip_memory2_0: "System" instantiated altera_avalon_onchip_memory2 "onchip_memory2_0"
Info: nios2_qsys_0: Starting RTL generation for module 'System_nios2_qsys_0'
Info: nios2_qsys_0:   Generation command is [exec C:/altera/13.0sp1/quartus/../ip/altera/nios2_ip/altera_nios2/eperl.exe -I C:/altera/13.0sp1/quartus/common/ip/altera/common/perl/5.8.3 -I C:/altera/13.0sp1/quartus/sopc_builder/bin/europa -I C:/altera/13.0sp1/quartus/sopc_builder/bin/perl_lib -I C:/altera/13.0sp1/quartus/sopc_builder/bin -I C:/altera/13.0sp1/quartus/../ip/altera/nios2_ip/altera_nios2/cpu_lib -I C:/altera/13.0sp1/quartus/../ip/altera/nios2_ip/altera_nios2/nios_lib -I C:/altera/13.0sp1/quartus/../ip/altera/nios2_ip/altera_nios2 -I C:/altera/13.0sp1/quartus/../ip/altera/nios2_ip/altera_nios2 -- C:/altera/13.0sp1/quartus/../ip/altera/nios2_ip/altera_nios2/generate_rtl.epl --name=System_nios2_qsys_0 --dir=C:/Users/truongnh/AppData/Local/Temp/alt7887_7178726241090102465.dir/0002_nios2_qsys_0_gen/ --quartus_dir=C:/altera/13.0sp1/quartus --verilog --config=C:/Users/truongnh/AppData/Local/Temp/alt7887_7178726241090102465.dir/0002_nios2_qsys_0_gen//System_nios2_qsys_0_processor_configuration.pl  --do_build_sim=0    --bogus  ]
Info: nios2_qsys_0: # 2018.12.22 17:19:43 (*) Starting Nios II generation
Info: nios2_qsys_0: # 2018.12.22 17:19:43 (*)   Checking for plaintext license.
Info: nios2_qsys_0: # 2018.12.22 17:19:43 (*)   Couldn't query license setup in Quartus directory C:/altera/13.0sp1/quartus
Info: nios2_qsys_0: # 2018.12.22 17:19:43 (*)   Defaulting to contents of LM_LICENSE_FILE environment variable
Info: nios2_qsys_0: # 2018.12.22 17:19:43 (*)   LM_LICENSE_FILE environment variable is empty
Info: nios2_qsys_0: # 2018.12.22 17:19:43 (*)   Plaintext license not found.
Info: nios2_qsys_0: # 2018.12.22 17:19:43 (*)   No license required to generate encrypted Nios II/e.
Info: nios2_qsys_0: # 2018.12.22 17:19:43 (*)   Elaborating CPU configuration settings
Info: nios2_qsys_0: # 2018.12.22 17:19:43 (*)   Creating all objects for CPU
Info: nios2_qsys_0: # 2018.12.22 17:19:44 (*)   Generating RTL from CPU objects
Info: nios2_qsys_0: # 2018.12.22 17:19:44 (*)   Creating plain-text RTL
Info: nios2_qsys_0: # 2018.12.22 17:19:46 (*) Done Nios II generation
Info: nios2_qsys_0: Done RTL generation for module 'System_nios2_qsys_0'
Info: nios2_qsys_0: "System" instantiated altera_nios2_qsys "nios2_qsys_0"
Info: jtag_uart_0: Starting RTL generation for module 'System_jtag_uart_0'
Info: jtag_uart_0:   Generation command is [exec C:/altera/13.0sp1/quartus/bin/perl/bin/perl.exe -I C:/altera/13.0sp1/quartus/common/ip/altera/common/perl/5.8.3 -I C:/altera/13.0sp1/quartus/sopc_builder/bin/europa -I C:/altera/13.0sp1/quartus/sopc_builder/bin/perl_lib -I C:/altera/13.0sp1/quartus/sopc_builder/bin -I C:/altera/13.0sp1/quartus/../ip/altera/sopc_builder_ip/common -I C:/altera/13.0sp1/quartus/../ip/altera/sopc_builder_ip/altera_avalon_jtag_uart -- C:/altera/13.0sp1/quartus/../ip/altera/sopc_builder_ip/altera_avalon_jtag_uart/generate_rtl.pl --name=System_jtag_uart_0 --dir=C:/Users/truongnh/AppData/Local/Temp/alt7887_7178726241090102465.dir/0003_jtag_uart_0_gen/ --quartus_dir=C:/altera/13.0sp1/quartus --verilog --config=C:/Users/truongnh/AppData/Local/Temp/alt7887_7178726241090102465.dir/0003_jtag_uart_0_gen//System_jtag_uart_0_component_configuration.pl  --do_build_sim=0  ]
Info: jtag_uart_0: Done RTL generation for module 'System_jtag_uart_0'
Info: jtag_uart_0: "System" instantiated altera_avalon_jtag_uart "jtag_uart_0"
Info: onchip_memory2_1: Starting RTL generation for module 'System_onchip_memory2_1'
Info: onchip_memory2_1:   Generation command is [exec C:/altera/13.0sp1/quartus/bin/perl/bin/perl.exe -I C:/altera/13.0sp1/quartus/common/ip/altera/common/perl/5.8.3 -I C:/altera/13.0sp1/quartus/sopc_builder/bin/europa -I C:/altera/13.0sp1/quartus/sopc_builder/bin/perl_lib -I C:/altera/13.0sp1/quartus/sopc_builder/bin -I C:/altera/13.0sp1/quartus/../ip/altera/sopc_builder_ip/common -I C:/altera/13.0sp1/quartus/../ip/altera/sopc_builder_ip/altera_avalon_onchip_memory2 -- C:/altera/13.0sp1/quartus/../ip/altera/sopc_builder_ip/altera_avalon_onchip_memory2/generate_rtl.pl --name=System_onchip_memory2_1 --dir=C:/Users/truongnh/AppData/Local/Temp/alt7887_7178726241090102465.dir/0004_onchip_memory2_1_gen/ --quartus_dir=C:/altera/13.0sp1/quartus --verilog --config=C:/Users/truongnh/AppData/Local/Temp/alt7887_7178726241090102465.dir/0004_onchip_memory2_1_gen//System_onchip_memory2_1_component_configuration.pl  --do_build_sim=0  ]
Info: onchip_memory2_1: Done RTL generation for module 'System_onchip_memory2_1'
Info: onchip_memory2_1: "System" instantiated altera_avalon_onchip_memory2 "onchip_memory2_1"
Info: DMA_0: "System" instantiated DMA "DMA_0"
Info: nios2_qsys_0_instruction_master_translator: "System" instantiated altera_merlin_master_translator "nios2_qsys_0_instruction_master_translator"
Info: nios2_qsys_0_jtag_debug_module_translator: "System" instantiated altera_merlin_slave_translator "nios2_qsys_0_jtag_debug_module_translator"
Info: nios2_qsys_0_instruction_master_translator_avalon_universal_master_0_agent: "System" instantiated altera_merlin_master_agent "nios2_qsys_0_instruction_master_translator_avalon_universal_master_0_agent"
Info: nios2_qsys_0_jtag_debug_module_translator_avalon_universal_slave_0_agent: "System" instantiated altera_merlin_slave_agent "nios2_qsys_0_jtag_debug_module_translator_avalon_universal_slave_0_agent"
Info: nios2_qsys_0_jtag_debug_module_translator_avalon_universal_slave_0_agent_rsp_fifo: "System" instantiated altera_avalon_sc_fifo "nios2_qsys_0_jtag_debug_module_translator_avalon_universal_slave_0_agent_rsp_fifo"
Info: addr_router: "System" instantiated altera_merlin_router "addr_router"
Info: addr_router_001: "System" instantiated altera_merlin_router "addr_router_001"
Info: addr_router_002: "System" instantiated altera_merlin_router "addr_router_002"
Info: addr_router_003: "System" instantiated altera_merlin_router "addr_router_003"
Info: id_router: "System" instantiated altera_merlin_router "id_router"
Info: id_router_001: "System" instantiated altera_merlin_router "id_router_001"
Info: id_router_002: "System" instantiated altera_merlin_router "id_router_002"
Info: id_router_004: "System" instantiated altera_merlin_router "id_router_004"
Info: rst_controller: "System" instantiated altera_reset_controller "rst_controller"
Info: cmd_xbar_demux: "System" instantiated altera_merlin_demultiplexer "cmd_xbar_demux"
Info: cmd_xbar_demux_001: "System" instantiated altera_merlin_demultiplexer "cmd_xbar_demux_001"
Info: cmd_xbar_demux_002: "System" instantiated altera_merlin_demultiplexer "cmd_xbar_demux_002"
Info: cmd_xbar_mux: "System" instantiated altera_merlin_multiplexer "cmd_xbar_mux"
Info: cmd_xbar_mux_001: "System" instantiated altera_merlin_multiplexer "cmd_xbar_mux_001"
Info: Reusing file C:/Users/truongnh/Google Drive/DMAFinal/System/synthesis/submodules/altera_merlin_arbitrator.sv
Info: rsp_xbar_demux: "System" instantiated altera_merlin_demultiplexer "rsp_xbar_demux"
Info: rsp_xbar_demux_001: "System" instantiated altera_merlin_demultiplexer "rsp_xbar_demux_001"
Info: rsp_xbar_mux: "System" instantiated altera_merlin_multiplexer "rsp_xbar_mux"
Info: Reusing file C:/Users/truongnh/Google Drive/DMAFinal/System/synthesis/submodules/altera_merlin_arbitrator.sv
Info: rsp_xbar_mux_001: "System" instantiated altera_merlin_multiplexer "rsp_xbar_mux_001"
Info: Reusing file C:/Users/truongnh/Google Drive/DMAFinal/System/synthesis/submodules/altera_merlin_arbitrator.sv
Info: irq_mapper: "System" instantiated altera_irq_mapper "irq_mapper"
Info: System: Done System" with 30 modules, 76 files, 1629418 bytes
Info: ip-generate succeeded.
Info: Finished: Create HDL design files for synthesis
