Flow report for DMA
Wed Dec 24 10:51:16 2025
Quartus II 64-Bit Version 13.0.1 Build 232 06/12/2013 Service Pack 1 SJ Web Edition


---------------------
; Table of Contents ;
---------------------
  1. Legal Notice
  2. Flow Summary
  3. Flow Settings
  4. Flow Non-Default Global Settings
  5. Flow Elapsed Time
  6. Flow OS Summary
  7. Flow Log
  8. Flow Messages
  9. Flow Suppressed Messages



----------------
; Legal Notice ;
----------------
Copyright (C) 1991-2013 Altera Corporation
Your use of Altera Corporation's design tools, logic functions 
and other software and tools, and its AMPP partner logic 
functions, and any output files from any of the foregoing 
(including device programming or simulation files), and any 
associated documentation or information are expressly subject 
to the terms and conditions of the Altera Program License 
Subscription Agreement, Altera MegaCore Function License 
Agreement, or other applicable license agreement, including, 
without limitation, that your use is for the sole purpose of 
programming logic devices manufactured by Altera and sold by 
Altera or its authorized distributors.  Please refer to the 
applicable agreement for further details.



+--------------------------------------------------------------------------------------+
; Flow Summary                                                                         ;
+------------------------------------+-------------------------------------------------+
; Flow Status                        ; Successful - Wed Dec 24 10:51:16 2025           ;
; Quartus II 64-Bit Version          ; 13.0.1 Build 232 06/12/2013 SP 1 SJ Web Edition ;
; Revision Name                      ; DMA                                             ;
; Top-level Entity Name              ; DMA                                             ;
; Family                             ; Cyclone II                                      ;
; Device                             ; EP2C35F672C6                                    ;
; Timing Models                      ; Final                                           ;
; Total logic elements               ; 2,359 / 33,216 ( 7 % )                          ;
;     Total combinational functions  ; 2,170 / 33,216 ( 7 % )                          ;
;     Dedicated logic registers      ; 1,284 / 33,216 ( 4 % )                          ;
; Total registers                    ; 1284                                            ;
; Total pins                         ; 3 / 475 ( < 1 % )                               ;
; Total virtual pins                 ; 0                                               ;
; Total memory bits                  ; 372,224 / 483,840 ( 77 % )                      ;
; Embedded Multiplier 9-bit elements ; 0 / 70 ( 0 % )                                  ;
; Total PLLs                         ; 0 / 4 ( 0 % )                                   ;
+------------------------------------+-------------------------------------------------+


+-----------------------------------------+
; Flow Settings                           ;
+-------------------+---------------------+
; Option            ; Setting             ;
+-------------------+---------------------+
; Start date & time ; 12/24/2025 10:50:46 ;
; Main task         ; Compilation         ;
; Revision Name     ; DMA                 ;
+-------------------+---------------------+


+---------------------------------------------------------------------------------------------------------------------------------------------------------------------------------------------+
; Flow Non-Default Global Settings                                                                                                                                                            ;
+-------------------------------------+------------------------------------------------------------------------------------+---------------+---------------------------------+----------------+
; Assignment Name                     ; Value                                                                              ; Default Value ; Entity Name                     ; Section Id     ;
+-------------------------------------+------------------------------------------------------------------------------------+---------------+---------------------------------+----------------+
; COMPILER_SIGNATURE_ID               ; 255757335264954.176654824610092                                                    ; --            ; --                              ; --             ;
; EDA_OUTPUT_DATA_FORMAT              ; Verilog Hdl                                                                        ; --            ; --                              ; eda_simulation ;
; EDA_SIMULATION_TOOL                 ; ModelSim-Altera (Verilog)                                                          ; <None>        ; --                              ; --             ;
; EDA_TIME_SCALE                      ; 1 ps                                                                               ; --            ; --                              ; eda_simulation ;
; ENABLE_SIGNALTAP                    ; On                                                                                 ; --            ; --                              ; --             ;
; IP_TOOL_ENV                         ; Qsys                                                                               ; --            ; System                          ; --             ;
; IP_TOOL_ENV                         ; Qsys                                                                               ; --            ; System_addr_router              ; --             ;
; IP_TOOL_ENV                         ; Qsys                                                                               ; --            ; System_addr_router_001          ; --             ;
; IP_TOOL_ENV                         ; Qsys                                                                               ; --            ; System_addr_router_002          ; --             ;
; IP_TOOL_ENV                         ; Qsys                                                                               ; --            ; System_addr_router_003          ; --             ;
; IP_TOOL_ENV                         ; Qsys                                                                               ; --            ; System_cmd_xbar_demux           ; --             ;
; IP_TOOL_ENV                         ; Qsys                                                                               ; --            ; System_cmd_xbar_demux_001       ; --             ;
; IP_TOOL_ENV                         ; Qsys                                                                               ; --            ; System_cmd_xbar_demux_002       ; --             ;
; IP_TOOL_ENV                         ; Qsys                                                                               ; --            ; System_cmd_xbar_mux             ; --             ;
; IP_TOOL_ENV                         ; Qsys                                                                               ; --            ; System_cmd_xbar_mux_001         ; --             ;
; IP_TOOL_ENV                         ; Qsys                                                                               ; --            ; System_id_router                ; --             ;
; IP_TOOL_ENV                         ; Qsys                                                                               ; --            ; System_id_router_001            ; --             ;
; IP_TOOL_ENV                         ; Qsys                                                                               ; --            ; System_id_router_002            ; --             ;
; IP_TOOL_ENV                         ; Qsys                                                                               ; --            ; System_id_router_004            ; --             ;
; IP_TOOL_ENV                         ; Qsys                                                                               ; --            ; System_irq_mapper               ; --             ;
; IP_TOOL_ENV                         ; Qsys                                                                               ; --            ; System_jtag_uart_0              ; --             ;
; IP_TOOL_ENV                         ; Qsys                                                                               ; --            ; System_nios2_qsys_0             ; --             ;
; IP_TOOL_ENV                         ; Qsys                                                                               ; --            ; System_onchip_memory2_0         ; --             ;
; IP_TOOL_ENV                         ; Qsys                                                                               ; --            ; System_onchip_memory2_1         ; --             ;
; IP_TOOL_ENV                         ; Qsys                                                                               ; --            ; System_rsp_xbar_demux           ; --             ;
; IP_TOOL_ENV                         ; Qsys                                                                               ; --            ; System_rsp_xbar_demux_001       ; --             ;
; IP_TOOL_ENV                         ; Qsys                                                                               ; --            ; System_rsp_xbar_mux             ; --             ;
; IP_TOOL_ENV                         ; Qsys                                                                               ; --            ; System_rsp_xbar_mux_001         ; --             ;
; IP_TOOL_ENV                         ; Qsys                                                                               ; --            ; altera_avalon_sc_fifo           ; --             ;
; IP_TOOL_ENV                         ; Qsys                                                                               ; --            ; altera_merlin_master_agent      ; --             ;
; IP_TOOL_ENV                         ; Qsys                                                                               ; --            ; altera_merlin_master_translator ; --             ;
; IP_TOOL_ENV                         ; Qsys                                                                               ; --            ; altera_merlin_slave_agent       ; --             ;
; IP_TOOL_ENV                         ; Qsys                                                                               ; --            ; altera_merlin_slave_translator  ; --             ;
; IP_TOOL_ENV                         ; Qsys                                                                               ; --            ; altera_reset_controller         ; --             ;
; IP_TOOL_NAME                        ; Qsys                                                                               ; --            ; System                          ; --             ;
; IP_TOOL_NAME                        ; altera_merlin_router                                                               ; --            ; System_addr_router              ; --             ;
; IP_TOOL_NAME                        ; altera_merlin_router                                                               ; --            ; System_addr_router_001          ; --             ;
; IP_TOOL_NAME                        ; altera_merlin_router                                                               ; --            ; System_addr_router_002          ; --             ;
; IP_TOOL_NAME                        ; altera_merlin_router                                                               ; --            ; System_addr_router_003          ; --             ;
; IP_TOOL_NAME                        ; altera_merlin_demultiplexer                                                        ; --            ; System_cmd_xbar_demux           ; --             ;
; IP_TOOL_NAME                        ; altera_merlin_demultiplexer                                                        ; --            ; System_cmd_xbar_demux_001       ; --             ;
; IP_TOOL_NAME                        ; altera_merlin_demultiplexer                                                        ; --            ; System_cmd_xbar_demux_002       ; --             ;
; IP_TOOL_NAME                        ; altera_merlin_multiplexer                                                          ; --            ; System_cmd_xbar_mux             ; --             ;
; IP_TOOL_NAME                        ; altera_merlin_multiplexer                                                          ; --            ; System_cmd_xbar_mux_001         ; --             ;
; IP_TOOL_NAME                        ; altera_merlin_router                                                               ; --            ; System_id_router                ; --             ;
; IP_TOOL_NAME                        ; altera_merlin_router                                                               ; --            ; System_id_router_001            ; --             ;
; IP_TOOL_NAME                        ; altera_merlin_router                                                               ; --            ; System_id_router_002            ; --             ;
; IP_TOOL_NAME                        ; altera_merlin_router                                                               ; --            ; System_id_router_004            ; --             ;
; IP_TOOL_NAME                        ; altera_irq_mapper                                                                  ; --            ; System_irq_mapper               ; --             ;
; IP_TOOL_NAME                        ; altera_avalon_jtag_uart                                                            ; --            ; System_jtag_uart_0              ; --             ;
; IP_TOOL_NAME                        ; altera_nios2_qsys                                                                  ; --            ; System_nios2_qsys_0             ; --             ;
; IP_TOOL_NAME                        ; altera_avalon_onchip_memory2                                                       ; --            ; System_onchip_memory2_0         ; --             ;
; IP_TOOL_NAME                        ; altera_avalon_onchip_memory2                                                       ; --            ; System_onchip_memory2_1         ; --             ;
; IP_TOOL_NAME                        ; altera_merlin_demultiplexer                                                        ; --            ; System_rsp_xbar_demux           ; --             ;
; IP_TOOL_NAME                        ; altera_merlin_demultiplexer                                                        ; --            ; System_rsp_xbar_demux_001       ; --             ;
; IP_TOOL_NAME                        ; altera_merlin_multiplexer                                                          ; --            ; System_rsp_xbar_mux             ; --             ;
; IP_TOOL_NAME                        ; altera_merlin_multiplexer                                                          ; --            ; System_rsp_xbar_mux_001         ; --             ;
; IP_TOOL_NAME                        ; altera_avalon_sc_fifo                                                              ; --            ; altera_avalon_sc_fifo           ; --             ;
; IP_TOOL_NAME                        ; altera_merlin_master_agent                                                         ; --            ; altera_merlin_master_agent      ; --             ;
; IP_TOOL_NAME                        ; altera_merlin_master_translator                                                    ; --            ; altera_merlin_master_translator ; --             ;
; IP_TOOL_NAME                        ; altera_merlin_slave_agent                                                          ; --            ; altera_merlin_slave_agent       ; --             ;
; IP_TOOL_NAME                        ; altera_merlin_slave_translator                                                     ; --            ; altera_merlin_slave_translator  ; --             ;
; IP_TOOL_NAME                        ; altera_reset_controller                                                            ; --            ; altera_reset_controller         ; --             ;
; IP_TOOL_VERSION                     ; 13.0sp1                                                                            ; --            ; System                          ; --             ;
; IP_TOOL_VERSION                     ; 13.0                                                                               ; --            ; System_addr_router              ; --             ;
; IP_TOOL_VERSION                     ; 13.0                                                                               ; --            ; System_addr_router_001          ; --             ;
; IP_TOOL_VERSION                     ; 13.0                                                                               ; --            ; System_addr_router_002          ; --             ;
; IP_TOOL_VERSION                     ; 13.0                                                                               ; --            ; System_addr_router_003          ; --             ;
; IP_TOOL_VERSION                     ; 13.0                                                                               ; --            ; System_cmd_xbar_demux           ; --             ;
; IP_TOOL_VERSION                     ; 13.0                                                                               ; --            ; System_cmd_xbar_demux_001       ; --             ;
; IP_TOOL_VERSION                     ; 13.0                                                                               ; --            ; System_cmd_xbar_demux_002       ; --             ;
; IP_TOOL_VERSION                     ; 13.0                                                                               ; --            ; System_cmd_xbar_mux             ; --             ;
; IP_TOOL_VERSION                     ; 13.0                                                                               ; --            ; System_cmd_xbar_mux_001         ; --             ;
; IP_TOOL_VERSION                     ; 13.0                                                                               ; --            ; System_id_router                ; --             ;
; IP_TOOL_VERSION                     ; 13.0                                                                               ; --            ; System_id_router_001            ; --             ;
; IP_TOOL_VERSION                     ; 13.0                                                                               ; --            ; System_id_router_002            ; --             ;
; IP_TOOL_VERSION                     ; 13.0                                                                               ; --            ; System_id_router_004            ; --             ;
; IP_TOOL_VERSION                     ; 13.0                                                                               ; --            ; System_irq_mapper               ; --             ;
; IP_TOOL_VERSION                     ; 13.0.1.99.2                                                                        ; --            ; System_jtag_uart_0              ; --             ;
; IP_TOOL_VERSION                     ; 13.0                                                                               ; --            ; System_nios2_qsys_0             ; --             ;
; IP_TOOL_VERSION                     ; 13.0.1.99.2                                                                        ; --            ; System_onchip_memory2_0         ; --             ;
; IP_TOOL_VERSION                     ; 13.0.1.99.2                                                                        ; --            ; System_onchip_memory2_1         ; --             ;
; IP_TOOL_VERSION                     ; 13.0                                                                               ; --            ; System_rsp_xbar_demux           ; --             ;
; IP_TOOL_VERSION                     ; 13.0                                                                               ; --            ; System_rsp_xbar_demux_001       ; --             ;
; IP_TOOL_VERSION                     ; 13.0                                                                               ; --            ; System_rsp_xbar_mux             ; --             ;
; IP_TOOL_VERSION                     ; 13.0                                                                               ; --            ; System_rsp_xbar_mux_001         ; --             ;
; IP_TOOL_VERSION                     ; 13.0                                                                               ; --            ; altera_avalon_sc_fifo           ; --             ;
; IP_TOOL_VERSION                     ; 13.0                                                                               ; --            ; altera_merlin_master_agent      ; --             ;
; IP_TOOL_VERSION                     ; 13.0                                                                               ; --            ; altera_merlin_master_translator ; --             ;
; IP_TOOL_VERSION                     ; 13.0                                                                               ; --            ; altera_merlin_slave_agent       ; --             ;
; IP_TOOL_VERSION                     ; 13.0                                                                               ; --            ; altera_merlin_slave_translator  ; --             ;
; IP_TOOL_VERSION                     ; 13.0                                                                               ; --            ; altera_reset_controller         ; --             ;
; MAX_CORE_JUNCTION_TEMP              ; 85                                                                                 ; --            ; --                              ; --             ;
; MIN_CORE_JUNCTION_TEMP              ; 0                                                                                  ; --            ; --                              ; --             ;
; MISC_FILE                           ; System/synthesis/../../System.cmp                                                  ; --            ; --                              ; --             ;
; MISC_FILE                           ; System/synthesis/../../System.qsys                                                 ; --            ; --                              ; --             ;
; PARTITION_COLOR                     ; 16764057                                                                           ; --            ; --                              ; Top            ;
; PARTITION_FITTER_PRESERVATION_LEVEL ; PLACEMENT_AND_ROUTING                                                              ; --            ; --                              ; Top            ;
; PARTITION_NETLIST_TYPE              ; SOURCE                                                                             ; --            ; --                              ; Top            ;
; POWER_BOARD_THERMAL_MODEL           ; None (CONSERVATIVE)                                                                ; --            ; --                              ; --             ;
; POWER_PRESET_COOLING_SOLUTION       ; 23 MM HEAT SINK WITH 200 LFPM AIRFLOW                                              ; --            ; --                              ; --             ;
; PROJECT_OUTPUT_DIRECTORY            ; output_files                                                                       ; --            ; --                              ; --             ;
; SLD_FILE                            ; E:/HE_THONG_SO_HDL/THUC_HANH/LAB3_DMA/DMAFinal/output_files/stp1_auto_stripped.stp ; --            ; --                              ; --             ;
; SLD_INFO                            ; QSYS_NAME System HAS_SOPCINFO 1 GENERATION_ID 1766478848                           ; --            ; System                          ; --             ;
; SOPCINFO_FILE                       ; System/synthesis/../../System.sopcinfo                                             ; --            ; --                              ; --             ;
; SYNTHESIS_ONLY_QIP                  ; On                                                                                 ; --            ; --                              ; --             ;
; USE_SIGNALTAP_FILE                  ; output_files/stp1.stp                                                              ; --            ; --                              ; --             ;
+-------------------------------------+------------------------------------------------------------------------------------+---------------+---------------------------------+----------------+


+-------------------------------------------------------------------------------------------------------------------------------+
; Flow Elapsed Time                                                                                                             ;
+---------------------------+--------------+-------------------------+---------------------+------------------------------------+
; Module Name               ; Elapsed Time ; Average Processors Used ; Peak Virtual Memory ; Total CPU Time (on all processors) ;
+---------------------------+--------------+-------------------------+---------------------+------------------------------------+
; Analysis & Synthesis      ; 00:00:09     ; 1.0                     ; 4752 MB             ; 00:00:08                           ;
; Fitter                    ; 00:00:08     ; 1.0                     ; 5573 MB             ; 00:00:12                           ;
; Assembler                 ; 00:00:02     ; 1.0                     ; 4594 MB             ; 00:00:03                           ;
; TimeQuest Timing Analyzer ; 00:00:03     ; 1.0                     ; 4649 MB             ; 00:00:03                           ;
; EDA Netlist Writer        ; 00:00:03     ; 1.0                     ; 4578 MB             ; 00:00:03                           ;
; Total                     ; 00:00:25     ; --                      ; --                  ; 00:00:29                           ;
+---------------------------+--------------+-------------------------+---------------------+------------------------------------+


+----------------------------------------------------------------------------------------+
; Flow OS Summary                                                                        ;
+---------------------------+------------------+-----------+------------+----------------+
; Module Name               ; Machine Hostname ; OS Name   ; OS Version ; Processor type ;
+---------------------------+------------------+-----------+------------+----------------+
; Analysis & Synthesis      ; LAPTOP-PII719PV  ; Windows 7 ; 6.2        ; x86_64         ;
; Fitter                    ; LAPTOP-PII719PV  ; Windows 7 ; 6.2        ; x86_64         ;
; Assembler                 ; LAPTOP-PII719PV  ; Windows 7 ; 6.2        ; x86_64         ;
; TimeQuest Timing Analyzer ; LAPTOP-PII719PV  ; Windows 7 ; 6.2        ; x86_64         ;
; EDA Netlist Writer        ; LAPTOP-PII719PV  ; Windows 7 ; 6.2        ; x86_64         ;
+---------------------------+------------------+-----------+------------+----------------+


------------
; Flow Log ;
------------
quartus_map --read_settings_files=on --write_settings_files=off DMA -c DMA
quartus_fit --read_settings_files=off --write_settings_files=off DMA -c DMA
quartus_asm --read_settings_files=off --write_settings_files=off DMA -c DMA
quartus_sta DMA -c DMA
quartus_eda --read_settings_files=off --write_settings_files=off DMA -c DMA



